  main.cpp
d:\documentos\ucm\tpv\practica_1\tpv\practica 1\holasdl\gameobject.h(30): error C2143: error de sintaxis: falta ';' delante de '*'
d:\documentos\ucm\tpv\practica_1\tpv\practica 1\holasdl\gameobject.h(30): error C4430: falta el especificador de tipo; se presupone int. Nota: C++ no admite default-int
d:\documentos\ucm\tpv\practica_1\tpv\practica 1\holasdl\gameobject.h(30): error C2238: símbolos (token) inesperados delante de ';'
d:\documentos\ucm\tpv\practica_1\tpv\practica 1\holasdl\gameobject.h(15): error C2065: 'pGame': identificador no declarado
d:\documentos\ucm\tpv\practica_1\tpv\practica 1\holasdl\gameobject.h(15): error C2227: el operando izquierdo de '->rectToTile' debe señalar al tipo class/struct/union/generic
  d:\documentos\ucm\tpv\practica_1\tpv\practica 1\holasdl\gameobject.h(15): note: el tipo es 'unknown-type'
d:\documentos\ucm\tpv\practica_1\tpv\practica 1\holasdl\game.h(19): error C2371: 'Direction': nueva definición; tipos básicos distintos
  d:\documentos\ucm\tpv\practica_1\tpv\practica 1\holasdl\character.h(12): note: vea la declaración de 'Direction'
  Vitamin.cpp
d:\documentos\ucm\tpv\practica_1\tpv\practica 1\holasdl\character.h(16): error C2504: 'GameObject': clase base sin definir
d:\documentos\ucm\tpv\practica_1\tpv\practica 1\holasdl\food.h(6): error C2504: 'GameObject': clase base sin definir
d:\documentos\ucm\tpv\practica_1\tpv\practica 1\holasdl\game.h(19): error C2371: 'Direction': nueva definición; tipos básicos distintos
  d:\documentos\ucm\tpv\practica_1\tpv\practica 1\holasdl\character.h(12): note: vea la declaración de 'Direction'
d:\documentos\ucm\tpv\practica_1\tpv\practica 1\holasdl\game.h(34): error C2653: 'GameObject': no es un nombre de clase o espacio de nombres
d:\documentos\ucm\tpv\practica_1\tpv\practica 1\holasdl\game.h(34): error C2061: error de sintaxis: identificador 'ObjectType'
d:\documentos\ucm\tpv\practica_1\tpv\practica 1\holasdl\game.h(59): error C2065: 'GameObject': identificador no declarado
d:\documentos\ucm\tpv\practica_1\tpv\practica 1\holasdl\game.h(59): error C2059: error de sintaxis: '>'
d:\documentos\ucm\tpv\practica_1\tpv\practica 1\holasdl\game.h(59): error C2976: 'std::vector': no hay suficientes argumentos de plantilla
  c:\program files (x86)\microsoft visual studio 14.0\vc\include\vector(679): note: vea la declaración de 'std::vector'
d:\documentos\ucm\tpv\practica_1\tpv\practica 1\holasdl\game.h(62): error C2143: error de sintaxis: falta ';' delante de '*'
d:\documentos\ucm\tpv\practica_1\tpv\practica 1\holasdl\game.h(62): error C4430: falta el especificador de tipo; se presupone int. Nota: C++ no admite default-int
d:\documentos\ucm\tpv\practica_1\tpv\practica 1\holasdl\game.h(62): error C2238: símbolos (token) inesperados delante de ';'
  Texture.cpp
d:\documentos\ucm\tpv\practica_1\tpv\practica 1\holasdl\texture.cpp(18): error C2572: 'Texture::load': nueva definición de parámetro predeterminado: parámetro 1
  d:\documentos\ucm\tpv\practica_1\tpv\practica 1\holasdl\texture.h(22): note: vea la declaración de 'Texture::load'
d:\documentos\ucm\tpv\practica_1\tpv\practica 1\holasdl\texture.cpp(18): error C2572: 'Texture::load': nueva definición de parámetro predeterminado: parámetro 2
  d:\documentos\ucm\tpv\practica_1\tpv\practica 1\holasdl\texture.h(22): note: vea la declaración de 'Texture::load'
d:\documentos\ucm\tpv\practica_1\tpv\practica 1\holasdl\texture.cpp(35): error C2572: 'Texture::render': nueva definición de parámetro predeterminado: parámetro 1
  d:\documentos\ucm\tpv\practica_1\tpv\practica 1\holasdl\texture.h(25): note: vea la declaración de 'Texture::render'
d:\documentos\ucm\tpv\practica_1\tpv\practica 1\holasdl\texture.cpp(41): error C2572: 'Texture::renderFrame': nueva definición de parámetro predeterminado: parámetro 1
  d:\documentos\ucm\tpv\practica_1\tpv\practica 1\holasdl\texture.h(28): note: vea la declaración de 'Texture::renderFrame'
  Pacman.cpp
d:\documentos\ucm\tpv\practica_1\tpv\practica 1\holasdl\food.h(6): error C2504: 'GameObject': clase base sin definir
d:\documentos\ucm\tpv\practica_1\tpv\practica 1\holasdl\vitamin.h(6): error C2504: 'GameObject': clase base sin definir
d:\documentos\ucm\tpv\practica_1\tpv\practica 1\holasdl\game.h(34): error C2653: 'GameObject': no es un nombre de clase o espacio de nombres
d:\documentos\ucm\tpv\practica_1\tpv\practica 1\holasdl\game.h(34): error C2061: error de sintaxis: identificador 'ObjectType'
d:\documentos\ucm\tpv\practica_1\tpv\practica 1\holasdl\game.h(59): error C2065: 'GameObject': identificador no declarado
d:\documentos\ucm\tpv\practica_1\tpv\practica 1\holasdl\game.h(59): error C2059: error de sintaxis: '>'
d:\documentos\ucm\tpv\practica_1\tpv\practica 1\holasdl\game.h(59): error C2976: 'std::vector': no hay suficientes argumentos de plantilla
  c:\program files (x86)\microsoft visual studio 14.0\vc\include\vector(679): note: vea la declaración de 'std::vector'
d:\documentos\ucm\tpv\practica_1\tpv\practica 1\holasdl\game.h(62): error C2143: error de sintaxis: falta ';' delante de '*'
d:\documentos\ucm\tpv\practica_1\tpv\practica 1\holasdl\game.h(62): error C4430: falta el especificador de tipo; se presupone int. Nota: C++ no admite default-int
d:\documentos\ucm\tpv\practica_1\tpv\practica 1\holasdl\game.h(62): error C2238: símbolos (token) inesperados delante de ';'
d:\documentos\ucm\tpv\practica_1\tpv\practica 1\holasdl\character.h(12): error C2371: 'Direction': nueva definición; tipos básicos distintos
  d:\documentos\ucm\tpv\practica_1\tpv\practica 1\holasdl\game.h(19): note: vea la declaración de 'Direction'
d:\documentos\ucm\tpv\practica_1\tpv\practica 1\holasdl\pacman.cpp(19): error C2065: 'game': identificador no declarado
d:\documentos\ucm\tpv\practica_1\tpv\practica 1\holasdl\pacman.cpp(19): error C2227: el operando izquierdo de '->getNextDirection' debe señalar al tipo class/struct/union/generic
  d:\documentos\ucm\tpv\practica_1\tpv\practica 1\holasdl\pacman.cpp(19): note: el tipo es 'unknown-type'
  Ghost.cpp
d:\documentos\ucm\tpv\practica_1\tpv\practica 1\holasdl\pacman.h(8): error C2504: 'Character': clase base sin definir
d:\documentos\ucm\tpv\practica_1\tpv\practica 1\holasdl\pacman.h(14): error C3646: 'controller': especificador de invalidación desconocido
d:\documentos\ucm\tpv\practica_1\tpv\practica 1\holasdl\pacman.h(14): error C2059: error de sintaxis: '('
d:\documentos\ucm\tpv\practica_1\tpv\practica 1\holasdl\pacman.h(14): error C2238: símbolos (token) inesperados delante de ';'
d:\documentos\ucm\tpv\practica_1\tpv\practica 1\holasdl\food.h(6): error C2504: 'GameObject': clase base sin definir
d:\documentos\ucm\tpv\practica_1\tpv\practica 1\holasdl\vitamin.h(6): error C2504: 'GameObject': clase base sin definir
d:\documentos\ucm\tpv\practica_1\tpv\practica 1\holasdl\game.h(34): error C2653: 'GameObject': no es un nombre de clase o espacio de nombres
d:\documentos\ucm\tpv\practica_1\tpv\practica 1\holasdl\game.h(34): error C2061: error de sintaxis: identificador 'ObjectType'
d:\documentos\ucm\tpv\practica_1\tpv\practica 1\holasdl\game.h(59): error C2065: 'GameObject': identificador no declarado
d:\documentos\ucm\tpv\practica_1\tpv\practica 1\holasdl\game.h(59): error C2059: error de sintaxis: '>'
d:\documentos\ucm\tpv\practica_1\tpv\practica 1\holasdl\game.h(59): error C2976: 'std::vector': no hay suficientes argumentos de plantilla
  c:\program files (x86)\microsoft visual studio 14.0\vc\include\vector(679): note: vea la declaración de 'std::vector'
d:\documentos\ucm\tpv\practica_1\tpv\practica 1\holasdl\game.h(62): error C2143: error de sintaxis: falta ';' delante de '*'
d:\documentos\ucm\tpv\practica_1\tpv\practica 1\holasdl\game.h(62): error C4430: falta el especificador de tipo; se presupone int. Nota: C++ no admite default-int
d:\documentos\ucm\tpv\practica_1\tpv\practica 1\holasdl\game.h(62): error C2238: símbolos (token) inesperados delante de ';'
d:\documentos\ucm\tpv\practica_1\tpv\practica 1\holasdl\character.h(12): error C2371: 'Direction': nueva definición; tipos básicos distintos
  d:\documentos\ucm\tpv\practica_1\tpv\practica 1\holasdl\game.h(19): note: vea la declaración de 'Direction'
  GameObject.cpp
d:\documentos\ucm\tpv\practica_1\tpv\practica 1\holasdl\character.h(16): error C2504: 'GameObject': clase base sin definir
d:\documentos\ucm\tpv\practica_1\tpv\practica 1\holasdl\food.h(6): error C2504: 'GameObject': clase base sin definir
d:\documentos\ucm\tpv\practica_1\tpv\practica 1\holasdl\vitamin.h(6): error C2504: 'GameObject': clase base sin definir
d:\documentos\ucm\tpv\practica_1\tpv\practica 1\holasdl\game.h(19): error C2371: 'Direction': nueva definición; tipos básicos distintos
  d:\documentos\ucm\tpv\practica_1\tpv\practica 1\holasdl\character.h(12): note: vea la declaración de 'Direction'
d:\documentos\ucm\tpv\practica_1\tpv\practica 1\holasdl\game.h(34): error C2653: 'GameObject': no es un nombre de clase o espacio de nombres
d:\documentos\ucm\tpv\practica_1\tpv\practica 1\holasdl\game.h(34): error C2061: error de sintaxis: identificador 'ObjectType'
d:\documentos\ucm\tpv\practica_1\tpv\practica 1\holasdl\game.h(59): error C2065: 'GameObject': identificador no declarado
d:\documentos\ucm\tpv\practica_1\tpv\practica 1\holasdl\game.h(59): error C2059: error de sintaxis: '>'
d:\documentos\ucm\tpv\practica_1\tpv\practica 1\holasdl\game.h(59): error C2976: 'std::vector': no hay suficientes argumentos de plantilla
  c:\program files (x86)\microsoft visual studio 14.0\vc\include\vector(679): note: vea la declaración de 'std::vector'
d:\documentos\ucm\tpv\practica_1\tpv\practica 1\holasdl\game.h(62): error C2143: error de sintaxis: falta ';' delante de '*'
d:\documentos\ucm\tpv\practica_1\tpv\practica 1\holasdl\game.h(62): error C4430: falta el especificador de tipo; se presupone int. Nota: C++ no admite default-int
d:\documentos\ucm\tpv\practica_1\tpv\practica 1\holasdl\game.h(62): error C2238: símbolos (token) inesperados delante de ';'
d:\documentos\ucm\tpv\practica_1\tpv\practica 1\holasdl\gameobject.cpp(7): error C2065: 'texture': identificador no declarado
d:\documentos\ucm\tpv\practica_1\tpv\practica 1\holasdl\gameobject.cpp(7): error C2227: el operando izquierdo de '->render' debe señalar al tipo class/struct/union/generic
  d:\documentos\ucm\tpv\practica_1\tpv\practica 1\holasdl\gameobject.cpp(7): note: el tipo es 'unknown-type'
d:\documentos\ucm\tpv\practica_1\tpv\practica 1\holasdl\gameobject.cpp(7): error C2065: 'game': identificador no declarado
d:\documentos\ucm\tpv\practica_1\tpv\practica 1\holasdl\gameobject.cpp(7): error C2227: el operando izquierdo de '->getRenderer' debe señalar al tipo class/struct/union/generic
  d:\documentos\ucm\tpv\practica_1\tpv\practica 1\holasdl\gameobject.cpp(7): note: el tipo es 'unknown-type'
  GameMap.cpp
d:\documentos\ucm\tpv\practica_1\tpv\practica 1\holasdl\gamemap.h(30): error C2143: error de sintaxis: falta ';' delante de '<'
d:\documentos\ucm\tpv\practica_1\tpv\practica 1\holasdl\gamemap.h(30): error C4430: falta el especificador de tipo; se presupone int. Nota: C++ no admite default-int
d:\documentos\ucm\tpv\practica_1\tpv\practica 1\holasdl\gamemap.h(30): error C2238: símbolos (token) inesperados delante de ';'
d:\documentos\ucm\tpv\practica_1\tpv\practica 1\holasdl\gamemap.cpp(17): error C2065: 'board': identificador no declarado
d:\documentos\ucm\tpv\practica_1\tpv\practica 1\holasdl\gamemap.cpp(22): error C2065: 'board': identificador no declarado
d:\documentos\ucm\tpv\practica_1\tpv\practica 1\holasdl\gamemap.cpp(27): error C2065: 'board': identificador no declarado
  Game.cpp
d:\documentos\ucm\tpv\practica_1\tpv\practica 1\holasdl\gameobject.h(30): error C2143: error de sintaxis: falta ';' delante de '*'
d:\documentos\ucm\tpv\practica_1\tpv\practica 1\holasdl\gameobject.h(30): error C4430: falta el especificador de tipo; se presupone int. Nota: C++ no admite default-int
d:\documentos\ucm\tpv\practica_1\tpv\practica 1\holasdl\gameobject.h(30): error C2238: símbolos (token) inesperados delante de ';'
d:\documentos\ucm\tpv\practica_1\tpv\practica 1\holasdl\gameobject.h(15): error C2065: 'pGame': identificador no declarado
d:\documentos\ucm\tpv\practica_1\tpv\practica 1\holasdl\gameobject.h(15): error C2227: el operando izquierdo de '->rectToTile' debe señalar al tipo class/struct/union/generic
  d:\documentos\ucm\tpv\practica_1\tpv\practica 1\holasdl\gameobject.h(15): note: el tipo es 'unknown-type'
d:\documentos\ucm\tpv\practica_1\tpv\practica 1\holasdl\game.h(19): error C2371: 'Direction': nueva definición; tipos básicos distintos
  d:\documentos\ucm\tpv\practica_1\tpv\practica 1\holasdl\character.h(12): note: vea la declaración de 'Direction'
d:\documentos\ucm\tpv\practica_1\tpv\practica 1\holasdl\game.cpp(30): warning C4018: '<': no coinciden signed/unsigned
d:\documentos\ucm\tpv\practica_1\tpv\practica 1\holasdl\game.cpp(90): warning C4018: '<': no coinciden signed/unsigned
d:\documentos\ucm\tpv\practica_1\tpv\practica 1\holasdl\game.cpp(92): warning C4018: '<': no coinciden signed/unsigned
d:\documentos\ucm\tpv\practica_1\tpv\practica 1\holasdl\game.cpp(171): error C2440: 'inicializando': no se puede realizar la conversión de 'initializer list' a 'Direction'
  d:\documentos\ucm\tpv\practica_1\tpv\practica 1\holasdl\game.cpp(171): note: El inicializador contiene demasiados elementos
d:\documentos\ucm\tpv\practica_1\tpv\practica 1\holasdl\game.cpp(174): error C2440: 'inicializando': no se puede realizar la conversión de 'initializer list' a 'Direction'
  d:\documentos\ucm\tpv\practica_1\tpv\practica 1\holasdl\game.cpp(174): note: El inicializador contiene demasiados elementos
d:\documentos\ucm\tpv\practica_1\tpv\practica 1\holasdl\game.cpp(177): error C2440: 'inicializando': no se puede realizar la conversión de 'initializer list' a 'Direction'
  d:\documentos\ucm\tpv\practica_1\tpv\practica 1\holasdl\game.cpp(177): note: El inicializador contiene demasiados elementos
d:\documentos\ucm\tpv\practica_1\tpv\practica 1\holasdl\game.cpp(180): error C2440: 'inicializando': no se puede realizar la conversión de 'initializer list' a 'Direction'
  d:\documentos\ucm\tpv\practica_1\tpv\practica 1\holasdl\game.cpp(180): note: El inicializador contiene demasiados elementos
  Food.cpp
d:\documentos\ucm\tpv\practica_1\tpv\practica 1\holasdl\character.h(16): error C2504: 'GameObject': clase base sin definir
d:\documentos\ucm\tpv\practica_1\tpv\practica 1\holasdl\vitamin.h(6): error C2504: 'GameObject': clase base sin definir
d:\documentos\ucm\tpv\practica_1\tpv\practica 1\holasdl\game.h(19): error C2371: 'Direction': nueva definición; tipos básicos distintos
  d:\documentos\ucm\tpv\practica_1\tpv\practica 1\holasdl\character.h(12): note: vea la declaración de 'Direction'
d:\documentos\ucm\tpv\practica_1\tpv\practica 1\holasdl\game.h(34): error C2653: 'GameObject': no es un nombre de clase o espacio de nombres
d:\documentos\ucm\tpv\practica_1\tpv\practica 1\holasdl\game.h(34): error C2061: error de sintaxis: identificador 'ObjectType'
d:\documentos\ucm\tpv\practica_1\tpv\practica 1\holasdl\game.h(59): error C2065: 'GameObject': identificador no declarado
d:\documentos\ucm\tpv\practica_1\tpv\practica 1\holasdl\game.h(59): error C2059: error de sintaxis: '>'
d:\documentos\ucm\tpv\practica_1\tpv\practica 1\holasdl\game.h(59): error C2976: 'std::vector': no hay suficientes argumentos de plantilla
  c:\program files (x86)\microsoft visual studio 14.0\vc\include\vector(679): note: vea la declaración de 'std::vector'
d:\documentos\ucm\tpv\practica_1\tpv\practica 1\holasdl\game.h(62): error C2143: error de sintaxis: falta ';' delante de '*'
d:\documentos\ucm\tpv\practica_1\tpv\practica 1\holasdl\game.h(62): error C4430: falta el especificador de tipo; se presupone int. Nota: C++ no admite default-int
d:\documentos\ucm\tpv\practica_1\tpv\practica 1\holasdl\game.h(62): error C2238: símbolos (token) inesperados delante de ';'
  Character.cpp
d:\documentos\ucm\tpv\practica_1\tpv\practica 1\holasdl\pacman.h(8): error C2504: 'Character': clase base sin definir
d:\documentos\ucm\tpv\practica_1\tpv\practica 1\holasdl\pacman.h(14): error C3646: 'controller': especificador de invalidación desconocido
d:\documentos\ucm\tpv\practica_1\tpv\practica 1\holasdl\pacman.h(14): error C2059: error de sintaxis: '('
d:\documentos\ucm\tpv\practica_1\tpv\practica 1\holasdl\pacman.h(14): error C2238: símbolos (token) inesperados delante de ';'
d:\documentos\ucm\tpv\practica_1\tpv\practica 1\holasdl\food.h(6): error C2504: 'GameObject': clase base sin definir
d:\documentos\ucm\tpv\practica_1\tpv\practica 1\holasdl\vitamin.h(6): error C2504: 'GameObject': clase base sin definir
d:\documentos\ucm\tpv\practica_1\tpv\practica 1\holasdl\game.h(34): error C2653: 'GameObject': no es un nombre de clase o espacio de nombres
d:\documentos\ucm\tpv\practica_1\tpv\practica 1\holasdl\game.h(34): error C2061: error de sintaxis: identificador 'ObjectType'
d:\documentos\ucm\tpv\practica_1\tpv\practica 1\holasdl\game.h(59): error C2065: 'GameObject': identificador no declarado
d:\documentos\ucm\tpv\practica_1\tpv\practica 1\holasdl\game.h(59): error C2059: error de sintaxis: '>'
d:\documentos\ucm\tpv\practica_1\tpv\practica 1\holasdl\game.h(59): error C2976: 'std::vector': no hay suficientes argumentos de plantilla
  c:\program files (x86)\microsoft visual studio 14.0\vc\include\vector(679): note: vea la declaración de 'std::vector'
d:\documentos\ucm\tpv\practica_1\tpv\practica 1\holasdl\game.h(62): error C2143: error de sintaxis: falta ';' delante de '*'
d:\documentos\ucm\tpv\practica_1\tpv\practica 1\holasdl\game.h(62): error C4430: falta el especificador de tipo; se presupone int. Nota: C++ no admite default-int
d:\documentos\ucm\tpv\practica_1\tpv\practica 1\holasdl\game.h(62): error C2238: símbolos (token) inesperados delante de ';'
d:\documentos\ucm\tpv\practica_1\tpv\practica 1\holasdl\character.h(12): error C2371: 'Direction': nueva definición; tipos básicos distintos
  d:\documentos\ucm\tpv\practica_1\tpv\practica 1\holasdl\game.h(19): note: vea la declaración de 'Direction'
  Generando código...
